09/12/2022 13:59:58	 
New agent instance --> 33416
09/12/2022 13:59:58	 ----------------------------------------------------------------------------------------------------
09/12/2022 13:59:58	 Agent start
09/12/2022 13:59:58	 Removing all ejectable devices
09/12/2022 13:59:58	 All ejectable devices are removed
09/12/2022 14:00:10	 New device connected : USB Mass Storage Device:1:USB\VID_0718&PID_0628
09/12/2022 14:00:10	 Connected a device that already disabled USB Mass Storage Device:1
09/12/2022 14:01:07	 
New agent instance --> 14740
09/12/2022 14:01:07	 ----------------------------------------------------------------------------------------------------
09/12/2022 14:01:07	 Agent start
09/12/2022 14:01:07	 Removing all ejectable devices
09/12/2022 14:01:07	 All ejectable devices are removed
09/12/2022 14:01:15	 
New agent instance --> 21528
09/12/2022 14:01:15	 ----------------------------------------------------------------------------------------------------
09/12/2022 14:01:15	 Agent start
09/12/2022 14:01:15	 Removing all ejectable devices
09/12/2022 14:01:15	 All ejectable devices are removed
09/12/2022 14:01:37	 New device connected : USB Mass Storage Device:1:USB\VID_0718&PID_0628
09/12/2022 14:01:37	 Connected a device that already disabled USB Mass Storage Device:1
09/12/2022 14:01:43	 New device connected : USB Mass Storage Device:1:USB\VID_0718&PID_0628
09/12/2022 14:01:43	 Connected a device that already disabled USB Mass Storage Device:1
09/12/2022 14:01:47	 New device connected : USB Mass Storage Device:1:USB\VID_0718&PID_0628
09/12/2022 14:01:47	 Connected a device that already disabled USB Mass Storage Device:1
09/12/2022 14:01:54	 New device connected : USB Mass Storage Device:1:USB\VID_0718&PID_0628
09/12/2022 14:01:54	 Connected a device that already disabled USB Mass Storage Device:1
09/12/2022 14:02:15	 
New agent instance --> 33832
09/12/2022 14:02:15	 ----------------------------------------------------------------------------------------------------
09/12/2022 14:02:15	 Agent start
09/12/2022 14:02:15	 Removing all ejectable devices
09/12/2022 14:02:15	 All ejectable devices are removed
